<?xml version="1.0" encoding="UTF-8"?>
<testng-results skipped="0" failed="0" ignored="0" total="1" passed="1">
  <reporter-output>
  </reporter-output>
  <suite name="Default suite" duration-ms="16719" started-at="2018-09-21T08:19:09Z" finished-at="2018-09-21T08:19:25Z">
    <groups>
    </groups>
    <test name="Default test" duration-ms="16719" started-at="2018-09-21T08:19:09Z" finished-at="2018-09-21T08:19:25Z">
      <class name="testCases.testApplication">
        <test-method status="PASS" signature="login()[pri:0, instance:testCases.testApplication@7c16905e]" name="login" duration-ms="16702" started-at="2018-09-21T08:19:09Z" finished-at="2018-09-21T08:19:25Z">
          <reporter-output>
          </reporter-output>
        </test-method> <!-- login -->
      </class> <!-- testCases.testApplication -->
    </test> <!-- Default test -->
  </suite> <!-- Default suite -->
</testng-results>
